# JRE version: OpenJDK Runtime Environment (8.0_202) (build 1.8.0_202-release-1483-b49-5587405)
# Java VM: OpenJDK 64-Bit Server VM (25.202-b49-5587405 mixed mode linux-amd64 compressed oops)
Heap:
 PSYoungGen      total 304128K, used 0K [0x00000000e0000000, 0x00000000f5b00000, 0x0000000100000000)
  eden space 278528K, 0% used [0x00000000e0000000,0x00000000e0000000,0x00000000f1000000)
  from space 25600K, 0% used [0x00000000f1a80000,0x00000000f1a80000,0x00000000f3380000)
  to   space 38400K, 0% used [0x00000000f3580000,0x00000000f3580000,0x00000000f5b00000)
 ParOldGen       total 145408K, used 44742K [0x00000000a0000000, 0x00000000a8e00000, 0x00000000e0000000)
  object space 145408K, 30% used [0x00000000a0000000,0x00000000a2bb19c0,0x00000000a8e00000)
 Metaspace       used 92266K, capacity 95348K, committed 98264K, reserved 1134592K
  class space    used 11847K, capacity 12480K, committed 13056K, reserved 1048576K
GC Heap History (10 events):
Event: 2034,223 GC heap after
Heap after GC invocations=12 (full 3):
 PSYoungGen      total 291328K, used 22779K [0x00000000e0000000, 0x00000000f6d00000, 0x0000000100000000)
  eden space 268288K, 0% used [0x00000000e0000000,0x00000000e0000000,0x00000000f0600000)
  from space 23040K, 98% used [0x00000000f0600000,0x00000000f1c3ef28,0x00000000f1c80000)
  to   space 26624K, 0% used [0x00000000f5300000,0x00000000f5300000,0x00000000f6d00000)
 ParOldGen       total 145408K, used 31140K [0x00000000a0000000, 0x00000000a8e00000, 0x00000000e0000000)
  object space 145408K, 21% used [0x00000000a0000000,0x00000000a1e69378,0x00000000a8e00000)
 Metaspace       used 70400K, capacity 73010K, committed 73176K, reserved 1112064K
  class space    used 9324K, capacity 9874K, committed 9984K, reserved 1048576K
}
Event: 2329,697 GC heap before
{Heap before GC invocations=13 (full 3):
 PSYoungGen      total 291328K, used 291067K [0x00000000e0000000, 0x00000000f6d00000, 0x0000000100000000)
  eden space 268288K, 100% used [0x00000000e0000000,0x00000000f0600000,0x00000000f0600000)
  from space 23040K, 98% used [0x00000000f0600000,0x00000000f1c3ef28,0x00000000f1c80000)
  to   space 26624K, 0% used [0x00000000f5300000,0x00000000f5300000,0x00000000f6d00000)
 ParOldGen       total 145408K, used 31140K [0x00000000a0000000, 0x00000000a8e00000, 0x00000000e0000000)
  object space 145408K, 21% used [0x00000000a0000000,0x00000000a1e69378,0x00000000a8e00000)
 Metaspace       used 77168K, capacity 80582K, committed 80984K, reserved 1120256K
  class space    used 10065K, capacity 10757K, committed 10880K, reserved 1048576K
Event: 2329,734 GC heap after
Heap after GC invocations=13 (full 3):
 PSYoungGen      total 334336K, used 23551K [0x00000000e0000000, 0x00000000f6a00000, 0x0000000100000000)
  eden space 310784K, 0% used [0x00000000e0000000,0x00000000e0000000,0x00000000f2f80000)
  from space 23552K, 99% used [0x00000000f5300000,0x00000000f69fff90,0x00000000f6a00000)
  to   space 29184K, 0% used [0x00000000f3100000,0x00000000f3100000,0x00000000f4d80000)
 ParOldGen       total 145408K, used 31148K [0x00000000a0000000, 0x00000000a8e00000, 0x00000000e0000000)
  object space 145408K, 21% used [0x00000000a0000000,0x00000000a1e6b378,0x00000000a8e00000)
 Metaspace       used 77168K, capacity 80582K, committed 80984K, reserved 1120256K
  class space    used 10065K, capacity 10757K, committed 10880K, reserved 1048576K
}
Event: 4268,577 GC heap before
{Heap before GC invocations=14 (full 3):
 PSYoungGen      total 334336K, used 334335K [0x00000000e0000000, 0x00000000f6a00000, 0x0000000100000000)
  eden space 310784K, 100% used [0x00000000e0000000,0x00000000f2f80000,0x00000000f2f80000)
  from space 23552K, 99% used [0x00000000f5300000,0x00000000f69fff90,0x00000000f6a00000)
  to   space 29184K, 0% used [0x00000000f3100000,0x00000000f3100000,0x00000000f4d80000)
 ParOldGen       total 145408K, used 31148K [0x00000000a0000000, 0x00000000a8e00000, 0x00000000e0000000)
  object space 145408K, 21% used [0x00000000a0000000,0x00000000a1e6b378,0x00000000a8e00000)
 Metaspace       used 82298K, capacity 86108K, committed 86360K, reserved 1124352K
  class space    used 10571K, capacity 11328K, committed 11392K, reserved 1048576K
Event: 4268,862 GC heap after
Heap after GC invocations=14 (full 3):
 PSYoungGen      total 326656K, used 26848K [0x00000000e0000000, 0x00000000f6380000, 0x0000000100000000)
  eden space 299520K, 0% used [0x00000000e0000000,0x00000000e0000000,0x00000000f2480000)
  from space 27136K, 98% used [0x00000000f3100000,0x00000000f4b382a8,0x00000000f4b80000)
  to   space 24576K, 0% used [0x00000000f4b80000,0x00000000f4b80000,0x00000000f6380000)
 ParOldGen       total 145408K, used 31156K [0x00000000a0000000, 0x00000000a8e00000, 0x00000000e0000000)
  object space 145408K, 21% used [0x00000000a0000000,0x00000000a1e6d378,0x00000000a8e00000)
 Metaspace       used 82298K, capacity 86108K, committed 86360K, reserved 1124352K
  class space    used 10571K, capacity 11328K, committed 11392K, reserved 1048576K
}
Event: 4295,836 GC heap before
{Heap before GC invocations=15 (full 3):
 PSYoungGen      total 326656K, used 326368K [0x00000000e0000000, 0x00000000f6380000, 0x0000000100000000)
  eden space 299520K, 99% used [0x00000000e0000000,0x00000000f247ff80,0x00000000f2480000)
  from space 27136K, 98% used [0x00000000f3100000,0x00000000f4b382a8,0x00000000f4b80000)
  to   space 24576K, 0% used [0x00000000f4b80000,0x00000000f4b80000,0x00000000f6380000)
 ParOldGen       total 145408K, used 31156K [0x00000000a0000000, 0x00000000a8e00000, 0x00000000e0000000)
  object space 145408K, 21% used [0x00000000a0000000,0x00000000a1e6d378,0x00000000a8e00000)
 Metaspace       used 91006K, capacity 95266K, committed 95448K, reserved 1132544K
  class space    used 11687K, capacity 12523K, committed 12544K, reserved 1048576K
Event: 4295,977 GC heap after
Heap after GC invocations=15 (full 3):
 PSYoungGen      total 313344K, used 24551K [0x00000000e0000000, 0x00000000f6380000, 0x0000000100000000)
  eden space 288768K, 0% used [0x00000000e0000000,0x00000000e0000000,0x00000000f1a00000)
  from space 24576K, 99% used [0x00000000f4b80000,0x00000000f6379f78,0x00000000f6380000)
  to   space 37376K, 0% used [0x00000000f1a80000,0x00000000f1a80000,0x00000000f3f00000)
 ParOldGen       total 145408K, used 39475K [0x00000000a0000000, 0x00000000a8e00000, 0x00000000e0000000)
  object space 145408K, 27% used [0x00000000a0000000,0x00000000a268cf60,0x00000000a8e00000)
 Metaspace       used 91006K, capacity 95266K, committed 95448K, reserved 1132544K
  class space    used 11687K, capacity 12523K, committed 12544K, reserved 1048576K
}
Event: 4527,688 GC heap before
{Heap before GC invocations=16 (full 3):
 PSYoungGen      total 313344K, used 48810K [0x00000000e0000000, 0x00000000f6380000, 0x0000000100000000)
  eden space 288768K, 8% used [0x00000000e0000000,0x00000000e17b0ab0,0x00000000f1a00000)
  from space 24576K, 99% used [0x00000000f4b80000,0x00000000f6379f78,0x00000000f6380000)
  to   space 37376K, 0% used [0x00000000f1a80000,0x00000000f1a80000,0x00000000f3f00000)
 ParOldGen       total 145408K, used 39475K [0x00000000a0000000, 0x00000000a8e00000, 0x00000000e0000000)
  object space 145408K, 27% used [0x00000000a0000000,0x00000000a268cf60,0x00000000a8e00000)
 Metaspace       used 93640K, capacity 98188K, committed 98264K, reserved 1134592K
  class space    used 12152K, capacity 13032K, committed 13056K, reserved 1048576K
Event: 4527,905 GC heap after
Heap after GC invocations=16 (full 3):
 PSYoungGen      total 304128K, used 25235K [0x00000000e0000000, 0x00000000f5b00000, 0x0000000100000000)
  eden space 278528K, 0% used [0x00000000e0000000,0x00000000e0000000,0x00000000f1000000)
  from space 25600K, 98% used [0x00000000f1a80000,0x00000000f3324fc0,0x00000000f3380000)
  to   space 38400K, 0% used [0x00000000f3580000,0x00000000f3580000,0x00000000f5b00000)
 ParOldGen       total 145408K, used 39483K [0x00000000a0000000, 0x00000000a8e00000, 0x00000000e0000000)
  object space 145408K, 27% used [0x00000000a0000000,0x00000000a268ef60,0x00000000a8e00000)
 Metaspace       used 93640K, capacity 98188K, committed 98264K, reserved 1134592K
  class space    used 12152K, capacity 13032K, committed 13056K, reserved 1048576K
}
Event: 4527,938 GC heap before
{Heap before GC invocations=17 (full 4):
 PSYoungGen      total 304128K, used 25235K [0x00000000e0000000, 0x00000000f5b00000, 0x0000000100000000)
  eden space 278528K, 0% used [0x00000000e0000000,0x00000000e0000000,0x00000000f1000000)
  from space 25600K, 98% used [0x00000000f1a80000,0x00000000f3324fc0,0x00000000f3380000)
  to   space 38400K, 0% used [0x00000000f3580000,0x00000000f3580000,0x00000000f5b00000)
 ParOldGen       total 145408K, used 39483K [0x00000000a0000000, 0x00000000a8e00000, 0x00000000e0000000)
  object space 145408K, 27% used [0x00000000a0000000,0x00000000a268ef60,0x00000000a8e00000)
 Metaspace       used 93640K, capacity 98188K, committed 98264K, reserved 1134592K
  class space    used 12152K, capacity 13032K, committed 13056K, reserved 1048576K

